2025-04-04T13:59:43.935Z - GET /docs/
ReferenceError: /Users/martin/WebstormProjects/mrx3k1/docs/blog-framework/views/index.ejs:31
    29| <main>
    30|     <div class="container">
 >> 31|         <%- body %>
    32|     </div>
    33| </main>
    34| 

body is not defined
    at eval ("/Users/martin/WebstormProjects/mrx3k1/docs/blog-framework/views/index.ejs":15:17)
    at index (/Users/martin/WebstormProjects/mrx3k1/docs/blog-framework/node_modules/ejs/lib/ejs.js:703:17)
    at tryHandleCache (/Users/martin/WebstormProjects/mrx3k1/docs/blog-framework/node_modules/ejs/lib/ejs.js:274:36)
    at exports.renderFile (/Users/martin/WebstormProjects/mrx3k1/docs/blog-framework/node_modules/ejs/lib/ejs.js:491:10)
    at View.engine (/Users/martin/WebstormProjects/mrx3k1/docs/blog-framework/app.js:19:9)
    at View.render (/Users/martin/WebstormProjects/mrx3k1/docs/blog-framework/node_modules/express/lib/view.js:135:8)
    at tryRender (/Users/martin/WebstormProjects/mrx3k1/docs/blog-framework/node_modules/express/lib/application.js:657:10)
    at Function.render (/Users/martin/WebstormProjects/mrx3k1/docs/blog-framework/node_modules/express/lib/application.js:609:3)
    at ServerResponse.render (/Users/martin/WebstormProjects/mrx3k1/docs/blog-framework/node_modules/express/lib/response.js:1049:7)
    at /Users/martin/WebstormProjects/mrx3k1/docs/blog-framework/routes/index.js:43:9

2025-04-04T14:02:02.133Z - GET /docs/
ReferenceError: /Users/martin/WebstormProjects/mrx3k1/docs/blog-framework/views/index.ejs:31
    29| <main>
    30|     <div class="container">
 >> 31|         <%- body %>
    32|     </div>
    33| </main>
    34| 

body is not defined
    at eval ("/Users/martin/WebstormProjects/mrx3k1/docs/blog-framework/views/index.ejs":15:17)
    at index (/Users/martin/WebstormProjects/mrx3k1/docs/blog-framework/node_modules/ejs/lib/ejs.js:703:17)
    at tryHandleCache (/Users/martin/WebstormProjects/mrx3k1/docs/blog-framework/node_modules/ejs/lib/ejs.js:274:36)
    at exports.renderFile (/Users/martin/WebstormProjects/mrx3k1/docs/blog-framework/node_modules/ejs/lib/ejs.js:491:10)
    at View.engine (/Users/martin/WebstormProjects/mrx3k1/docs/blog-framework/app.js:19:9)
    at View.render (/Users/martin/WebstormProjects/mrx3k1/docs/blog-framework/node_modules/express/lib/view.js:135:8)
    at tryRender (/Users/martin/WebstormProjects/mrx3k1/docs/blog-framework/node_modules/express/lib/application.js:657:10)
    at Function.render (/Users/martin/WebstormProjects/mrx3k1/docs/blog-framework/node_modules/express/lib/application.js:609:3)
    at ServerResponse.render (/Users/martin/WebstormProjects/mrx3k1/docs/blog-framework/node_modules/express/lib/response.js:1049:7)
    at /Users/martin/WebstormProjects/mrx3k1/docs/blog-framework/routes/index.js:44:13

2025-04-04T14:02:09.398Z - GET /docs/
ReferenceError: /Users/martin/WebstormProjects/mrx3k1/docs/blog-framework/views/index.ejs:31
    29| <main>
    30|     <div class="container">
 >> 31|         <%- body %>
    32|     </div>
    33| </main>
    34| 

body is not defined
    at eval ("/Users/martin/WebstormProjects/mrx3k1/docs/blog-framework/views/index.ejs":15:17)
    at index (/Users/martin/WebstormProjects/mrx3k1/docs/blog-framework/node_modules/ejs/lib/ejs.js:703:17)
    at tryHandleCache (/Users/martin/WebstormProjects/mrx3k1/docs/blog-framework/node_modules/ejs/lib/ejs.js:274:36)
    at exports.renderFile (/Users/martin/WebstormProjects/mrx3k1/docs/blog-framework/node_modules/ejs/lib/ejs.js:491:10)
    at View.engine (/Users/martin/WebstormProjects/mrx3k1/docs/blog-framework/app.js:19:9)
    at View.render (/Users/martin/WebstormProjects/mrx3k1/docs/blog-framework/node_modules/express/lib/view.js:135:8)
    at tryRender (/Users/martin/WebstormProjects/mrx3k1/docs/blog-framework/node_modules/express/lib/application.js:657:10)
    at Function.render (/Users/martin/WebstormProjects/mrx3k1/docs/blog-framework/node_modules/express/lib/application.js:609:3)
    at ServerResponse.render (/Users/martin/WebstormProjects/mrx3k1/docs/blog-framework/node_modules/express/lib/response.js:1049:7)
    at /Users/martin/WebstormProjects/mrx3k1/docs/blog-framework/routes/index.js:44:13

2025-04-04T14:05:08.880Z - SYSTEM 
Error: Cannot find module './routes/posts'
Require stack:
- /Users/martin/WebstormProjects/mrx3k1/docs/blog-framework/app.js
    at Function._resolveFilename (node:internal/modules/cjs/loader:1405:15)
    at defaultResolveImpl (node:internal/modules/cjs/loader:1061:19)
    at resolveForCJSWithHooks (node:internal/modules/cjs/loader:1066:22)
    at Function._load (node:internal/modules/cjs/loader:1215:37)
    at TracingChannel.traceSync (node:diagnostics_channel:322:14)
    at wrapModuleLoad (node:internal/modules/cjs/loader:235:24)
    at Module.require (node:internal/modules/cjs/loader:1491:12)
    at require (node:internal/modules/helpers:135:16)
    at Object.<anonymous> (/Users/martin/WebstormProjects/mrx3k1/docs/blog-framework/app.js:53:21)
    at Module._compile (node:internal/modules/cjs/loader:1734:14)

